[2026-06-05 09:00:21] [INFO] test
[2026-06-05 09:00:36] [INFO] 应用程序启动
[2026-06-05 09:00:36] [INFO] 对话框已创建
[2026-06-05 09:01:07] [INFO] 应用程序启动
[2026-06-05 09:01:07] [INFO] 对话框已创建
[2026-06-05 09:02:42] [INFO] 用户取消，程序退出
[2026-06-05 09:03:02] [INFO] 对话框 点击取消
[2026-06-05 09:03:02] [INFO] 用户取消，程序退出
[2026-06-05 09:03:28] [INFO] 应用程序启动
[2026-06-05 09:03:28] [INFO] 对话框已创建
[2026-06-05 09:03:30] [INFO] 对话框 选择了: 1111111
[2026-06-05 09:03:31] [INFO] 对话框 点击确定，当前选择: 1111111
[2026-06-05 09:03:31] [INFO] 用户确认，进入主窗口
[2026-06-05 09:03:31] [INFO] 主窗口已创建
[2026-06-05 09:03:31] [INFO] 主窗口已显示
[2026-06-05 09:03:37] [INFO] 主窗口已关闭
[2026-06-05 09:09:25] [INFO] 对话框已创建
[2026-06-05 09:09:27] [INFO] 对话框 选择了: 1111111
[2026-06-05 09:09:27] [INFO] 对话框 点击确定，当前选择: 1111111
[2026-06-05 09:09:27] [INFO] 用户确认，进入主窗口
[2026-06-05 09:09:27] [INFO] 主窗口已创建
[2026-06-05 09:09:27] [INFO] 主窗口已显示
[2026-06-05 09:09:31] [INFO] 复选框6: 选中
[2026-06-05 09:09:32] [INFO] 复选框7: 选中
[2026-06-05 09:09:35] [INFO] 主窗口已关闭
[2026-06-05 09:10:57] [INFO] 对话框已创建
[2026-06-05 09:10:59] [WARNING] 对话框 未选择就点击确定
[2026-06-05 09:10:59] [INFO] 对话框 选择了: 1111111
[2026-06-05 09:11:01] [INFO] 对话框 点击确定，当前选择: 1111111
[2026-06-05 09:11:01] [INFO] 用户确认，进入主窗口
[2026-06-05 09:11:01] [INFO] 主窗口已创建
[2026-06-05 09:11:01] [INFO] 主窗口已显示
[2026-06-05 09:11:04] [INFO] 文本框2 内容变更: 
[2026-06-05 09:11:04] [INFO] 文本框2 内容变更: 
[2026-06-05 09:11:04] [INFO] 文本框2 内容变更: 
[2026-06-05 09:11:04] [INFO] 文本框2 内容变更: 是AS
[2026-06-05 09:11:04] [INFO] 文本框2 内容变更: 是ASD
[2026-06-05 09:11:05] [INFO] 文本框2 内容变更: 是ASDA
[2026-06-05 09:11:05] [INFO] 文本框2 内容变更: 是ASDA 
[2026-06-05 09:11:05] [INFO] 文本框2 内容变更: 是ASDA D
[2026-06-05 09:11:05] [INFO] 文本框2 内容变更: 是ASDA D 
[2026-06-05 09:11:05] [INFO] 文本框2 内容变更: 是ASDA D S
[2026-06-05 09:11:05] [INFO] 文本框2 内容变更: 是ASDA D SA
[2026-06-05 09:11:05] [INFO] 文本框2 内容变更: 是ASDA D SA 
[2026-06-05 09:11:05] [INFO] 文本框2 内容变更: 是ASDA D SA D
[2026-06-05 09:11:05] [INFO] 文本框2 内容变更: 是ASDA D SA DA
[2026-06-05 09:11:05] [INFO] 文本框2 内容变更: 是ASDA D SA DA 
[2026-06-05 09:11:05] [INFO] 文本框2 内容变更: 是ASDA D SA DA D
[2026-06-05 09:11:06] [INFO] 文本框2 内容变更: 是ASDA D SA DA DA
[2026-06-05 09:11:06] [INFO] 文本框2 内容变更: 是ASDA D SA DA DAS
[2026-06-05 09:11:06] [INFO] 文本框2 内容变更: 是ASDA D SA DA DASF
[2026-06-05 09:11:06] [INFO] 文本框2 内容变更: 是ASDA D SA DA DASF 
[2026-06-05 09:11:06] [INFO] 文本框2 内容变更: 是ASDA D SA DA DASF A
[2026-06-05 09:11:06] [INFO] 文本框2 内容变更: 是ASDA D SA DA DASF AS
[2026-06-05 09:11:06] [INFO] 文本框2 内容变更: 是ASDA D SA DA DASF ASF
[2026-06-05 09:11:06] [INFO] 文本框2 内容变更: 是ASDA D SA DA DASF ASFU
[2026-06-05 09:11:06] [INFO] 文本框2 内容变更: 是ASDA D SA DA DASF ASFUS
[2026-06-05 09:11:06] [INFO] 文本框2 内容变更: 是ASDA D SA DA DASF ASFUS 
[2026-06-05 09:11:06] [INFO] 文本框2 内容变更: 是ASDA D SA DA DASF ASFUS G
[2026-06-05 09:11:06] [INFO] 文本框2 内容变更: 是ASDA D SA DA DASF ASFUS GA
[2026-06-05 09:11:07] [INFO] 文本框2 内容变更: 是ASDA D SA DA DASF ASFUS GAH
[2026-06-05 09:11:07] [INFO] 文本框2 内容变更: 是ASDA D SA DA DASF ASFUS GAHU
[2026-06-05 09:11:07] [INFO] 文本框2 内容变更: 是ASDA D SA DA DASF ASFUS GAHUA
[2026-06-05 09:11:07] [INFO] 文本框2 内容变更: 是ASDA D SA DA DASF ASFUS GAHUA 
[2026-06-05 09:11:07] [INFO] 文本框2 内容变更: 是ASDA D SA DA DASF ASFUS GAHUA H
[2026-06-05 09:11:07] [INFO] 文本框2 内容变更: 是ASDA D SA DA DASF ASFUS GAHUA HG
[2026-06-05 09:11:07] [INFO] 文本框2 内容变更: 是ASDA D SA DA DASF ASFUS GAHUA HGO
[2026-06-05 09:11:07] [INFO] 文本框2 内容变更: 是ASDA D SA DA DASF ASFUS GAHUA HGOD
[2026-06-05 09:11:07] [INFO] 文本框2 内容变更: 是ASDA D SA DA DASF ASFUS GAHUA HGODA
[2026-06-05 09:11:07] [INFO] 文本框2 内容变更: 是ASDA D SA DA DASF ASFUS GAHUA HGODA 
[2026-06-05 09:11:08] [INFO] 文本框2 内容变更: 是ASDA D SA DA DASF ASFUS GAHUA HGODA  
[2026-06-05 09:11:08] [INFO] 文本框2 内容变更: 是ASDA D SA DA DASF ASFUS GAHUA HGODA  D
[2026-06-05 09:11:08] [INFO] 文本框2 内容变更: 是ASDA D SA DA DASF ASFUS GAHUA HGODA  DF
[2026-06-05 09:11:08] [INFO] 文本框2 内容变更: 是ASDA D SA DA DASF ASFUS GAHUA HGODA  DFA
[2026-06-05 09:11:08] [INFO] 文本框2 内容变更: 是ASDA D SA DA DASF ASFUS GAHUA HGODA  DFAF
[2026-06-05 09:11:08] [INFO] 文本框2 内容变更: 是ASDA D SA DA DASF ASFUS GAHUA HGODA  DFAFD
[2026-06-05 09:11:09] [INFO] 文本框2 内容变更: 是ASDA D SA DA DASF ASFUS GAHUA HGODA  DFAFD 
[2026-06-05 09:11:09] [INFO] 文本框2 内容变更: 是ASDA D SA DA DASF ASFUS GAHUA HGODA  DFAFD S
[2026-06-05 09:11:09] [INFO] 文本框2 内容变更: 是ASDA D SA DA DASF ASFUS GAHUA HGODA  DFAFD SA
[2026-06-05 09:11:09] [INFO] 文本框2 内容变更: 是ASDA D SA DA DASF ASFUS GAHUA HGODA  DFAFD SA 
[2026-06-05 09:11:09] [INFO] 文本框2 内容变更: 是ASDA D SA DA DASF ASFUS GAHUA HGODA  DFAFD SA D
[2026-06-05 09:11:09] [INFO] 文本框2 内容变更: 是ASDA D SA DA DASF ASFUS GAHUA HGODA  DFAFD SA DS
[2026-06-05 09:11:09] [INFO] 文本框2 内容变更: 是ASDA D SA DA DASF ASFUS GAHUA HGODA  DFAFD SA DS 
[2026-06-05 09:11:09] [INFO] 文本框2 内容变更: 是ASDA D SA DA DASF ASFUS GAHUA HGODA  DFAFD SA DS 
[2026-06-05 09:11:09] [INFO] 文本框2 内容变更: 是ASDA D SA DA DASF ASFUS GAHUA HGODA  DFAFD SA DS 
[2026-06-05 09:11:10] [INFO] 文本框2 内容变更: 是ASDA D SA DA DASF ASFUS GAHUA HGODA  DFAFD SA DS 
[2026-06-05 09:11:10] [INFO] 文本框2 内容变更: 是ASDA D SA DA DASF ASFUS GAHUA HGODA  DFAFD SA DS 
[2026-06-05 09:11:10] [INFO] 文本框2 内容变更: 是ASDA D SA DA DASF ASFUS GAHUA HGODA  DFAFD SA DS 
[2026-06-05 09:11:10] [INFO] 文本框2 内容变更: 是ASDA D SA DA DASF ASFUS GAHUA HGODA  DFAFD SA DS 
[2026-06-05 09:11:10] [INFO] 文本框2 内容变更: 是ASDA D SA DA DASF ASFUS GAHUA HGODA  DFAFD SA DS 
[2026-06-05 09:11:10] [INFO] 文本框2 内容变更: 是ASDA D SA DA DASF ASFUS GAHUA HGODA  DFAFD SA DS 
[2026-06-05 09:11:10] [INFO] 文本框2 内容变更: 是ASDA D SA DA DASF ASFUS GAHUA HGODA  DFAFD SA DS 
[2026-06-05 09:11:10] [INFO] 文本框2 内容变更: 是ASDA D SA DA DASF ASFUS GAHUA HGODA  DFAFD SA DS 
[2026-06-05 09:11:10] [INFO] 文本框2 内容变更: 是ASDA D SA DA DASF ASFUS GAHUA HGODA  DFAFD SA DS 
[2026-06-05 09:11:10] [INFO] 文本框2 内容变更: 是ASDA D SA DA DASF ASFUS GAHUA HGODA  DFAFD SA DS 
[2026-06-05 09:11:10] [INFO] 文本框2 内容变更: 是ASDA D SA DA DASF ASFUS GAHUA HGODA  DFAFD SA DS 
[2026-06-05 09:11:10] [INFO] 文本框2 内容变更: 是ASDA D SA DA DASF ASFUS GAHUA HGODA  DFAFD SA DS 
[2026-06-05 09:11:10] [INFO] 文本框2 内容变更: 是ASDA D SA DA DASF ASFUS GAHUA HGODA  DFAFD SA DS 
[2026-06-05 09:11:11] [INFO] 主窗口已关闭
[2026-06-05 09:15:55] [INFO] 对话框已创建
[2026-06-05 09:15:58] [WARNING] 对话框 未进行选择
[2026-06-05 09:15:59] [INFO] 用户取消，程序退出
[2026-06-05 09:27:02] [INFO] 对话框已创建
[2026-06-05 09:27:03] [INFO] 选择了: 1111111
[2026-06-05 09:27:04] [INFO] 当前选择: 1111111
[2026-06-05 09:27:04] [INFO] 用户确认，进入主窗口
[2026-06-05 09:27:04] [INFO] 主窗口已创建
[2026-06-05 09:27:04] [INFO] 主窗口已显示
[2026-06-05 09:27:12] [INFO] 输入框 输入: sad
[2026-06-05 09:27:19] [INFO] 输入框 输入: 30
[2026-06-05 09:27:21] [INFO] 主窗口已关闭
[2026-06-05 09:40:38] [INFO] 对话框已创建
[2026-06-05 09:40:39] [INFO] 选择了: 1111111
[2026-06-05 09:40:40] [INFO] 当前选择: 1111111
[2026-06-05 09:40:40] [INFO] 用户确认，进入主窗口
[2026-06-05 09:40:40] [INFO] 主窗口已创建
[2026-06-05 09:40:40] [INFO] 主窗口已显示
[2026-06-05 09:40:48] [INFO] 主窗口已关闭
[2026-06-05 09:47:10] [INFO] [INFO] 对话框已创建
[2026-06-05 09:48:05] [INFO] [INFO] 当前选择: 1111111
[2026-06-05 09:48:05] [INFO] [INFO] 用户确认，进入主窗口
[2026-06-05 09:48:05] [INFO] [INFO] 主窗口已创建
[2026-06-05 09:48:05] [INFO] [INFO] 主窗口已显示
[2026-06-05 09:48:07] [INFO] [INFO] 主窗口已关闭
[2026-06-05 09:48:07] INFO [INFO] 对话框已创建
[2026-06-05 09:48:11] INFO [INFO] 取消
[2026-06-05 09:48:11] INFO [INFO] 用户取消，程序退出
[2026-06-05 09:48:14] INFO [INFO] 对话框已创建
[2026-06-05 09:48:15] INFO [INFO] 选择了: 1111111
[2026-06-05 09:48:17] INFO [INFO] 选择了: 2222222
[2026-06-05 09:48:18] INFO [INFO] 当前选择: 2222222
[2026-06-05 09:48:18] INFO [INFO] 用户确认，进入主窗口
[2026-06-05 09:48:18] INFO [INFO] 主窗口已创建
[2026-06-05 09:48:18] INFO [INFO] 主窗口已显示
[2026-06-05 09:48:21] INFO [INFO] 主窗口已关闭
[2026-06-05 09:49:11] main [INFO] 对话框已创建
[2026-06-05 09:49:13] main [INFO] 用户取消，程序退出
[2026-06-05 09:50:09] [main] [INFO] 对话框已创建
[2026-06-05 09:50:15] [main] [INFO] 用户取消，程序退出
[2026-06-05 09:51:00] main [INFO] 对话框已创建
[2026-06-05 09:51:01] main [INFO] 选择了: 1111111
[2026-06-05 09:51:01] main [INFO] 当前选择: 1111111
[2026-06-05 09:51:01] main [INFO] 用户确认，进入主窗口
[2026-06-05 09:51:01] main [INFO] 主窗口已创建
[2026-06-05 09:51:01] main [INFO] 主窗口已显示
[2026-06-05 09:51:03] main [INFO] 复选框6: 选中
[2026-06-05 09:51:04] main [INFO] 复选框7: 选中
[2026-06-05 09:51:05] main [INFO] 复选框8: 选中
[2026-06-05 09:51:06] main [INFO] 主窗口已关闭
[2026-06-05 09:51:31] main [INFO] 对话框已创建
[2026-06-05 09:51:33] main [INFO] 选择了: 1111111
[2026-06-05 09:51:34] main [INFO] 当前选择: 1111111
[2026-06-05 09:51:34] main [INFO] 用户确认，进入主窗口
[2026-06-05 09:51:34] main [INFO] 主窗口已创建
[2026-06-05 09:51:34] main [INFO] 主窗口已显示
[2026-06-05 09:51:35] main [INFO] 复选框6: 选中
[2026-06-05 09:51:36] main [INFO] 复选框7: 选中
[2026-06-05 09:51:45] main [INFO] 主窗口已关闭
